\BOOKMARK [1][-]{section.1}{introducci\363n}{}% 1
\BOOKMARK [2][-]{subsection.1.1}{Prop\363sito}{section.1}% 2
\BOOKMARK [2][-]{subsection.1.2}{Alcance}{section.1}% 3
\BOOKMARK [2][-]{subsection.1.3}{Definiciones acr\363nimos y abreviaturas}{section.1}% 4
\BOOKMARK [2][-]{subsection.1.4}{Referencias}{section.1}% 5
\BOOKMARK [2][-]{subsection.1.5}{Resumen}{section.1}% 6
\BOOKMARK [1][-]{section.2}{Descripci\363n General }{}% 7
\BOOKMARK [2][-]{subsection.2.1}{Perspectiva del producto}{section.2}% 8
\BOOKMARK [2][-]{subsection.2.2}{Funciones del producto}{section.2}% 9
\BOOKMARK [2][-]{subsection.2.3}{Caracter\355sticas del usuario}{section.2}% 10
\BOOKMARK [2][-]{subsection.2.4}{Restricciones}{section.2}% 11
\BOOKMARK [2][-]{subsection.2.5}{Supuestos y dependencias}{section.2}% 12
\BOOKMARK [2][-]{subsection.2.6}{Requisitos futuros}{section.2}% 13
\BOOKMARK [1][-]{section.3}{Requisitos espec\355ficos}{}% 14
\BOOKMARK [2][-]{subsection.3.1}{Interfaces externos}{section.3}% 15
\BOOKMARK [2][-]{subsection.3.2}{Requisitos funcionales}{section.3}% 16
\BOOKMARK [3][-]{subsubsection.3.2.1}{Gesti\363n de usuarios}{subsection.3.2}% 17
\BOOKMARK [3][-]{subsubsection.3.2.2}{Gesti\363n de inventario}{subsection.3.2}% 18
\BOOKMARK [3][-]{subsubsection.3.2.3}{Gesti\363n de pedidos}{subsection.3.2}% 19
\BOOKMARK [2][-]{subsection.3.3}{Requisitos de rendimiento}{section.3}% 20
\BOOKMARK [2][-]{subsection.3.4}{Requisitos sobre la persistencia de datos}{section.3}% 21
\BOOKMARK [2][-]{subsection.3.5}{Restricciones de dise\361o}{section.3}% 22
\BOOKMARK [2][-]{subsection.3.6}{Atributos del sistema software}{section.3}% 23
