This is pdfTeX, Version 3.14159265-2.6-1.40.21 (TeX Live 2020/W32TeX) (preloaded format=pdflatex 2020.11.3)  3 NOV 2020 22:32
entering extended mode
 restricted \write18 enabled.
 file:line:error style messages enabled.
 %&-line parsing enabled.
**"c:/Users/rodri/Documents/Universidad/Ingenieria de Computadores/20-21/2ºD - Ingenieria del Software I/Practica/IS1/main.tex"
(c:/Users/rodri/Documents/Universidad/Ingenieria de Computadores/20-21/2ºD - Ingenieria del Software I/Practica/IS1/main.tex
LaTeX2e <2020-10-01> patch level 2
L3 programming layer <2020-10-27> xparse <2020-03-03> (c:/texlive/2020/texmf-dist/tex/latex/base/article.cls
Document Class: article 2020/04/10 v1.4m Standard LaTeX document class
(c:/texlive/2020/texmf-dist/tex/latex/base/size12.clo
File: size12.clo 2020/04/10 v1.4m Standard LaTeX file (size option)
)
\c@part=\count175
\c@section=\count176
\c@subsection=\count177
\c@subsubsection=\count178
\c@paragraph=\count179
\c@subparagraph=\count180
\c@figure=\count181
\c@table=\count182
\abovecaptionskip=\skip47
\belowcaptionskip=\skip48
\bibindent=\dimen138
) (c:/texlive/2020/texmf-dist/tex/latex/geometry/geometry.sty
Package: geometry 2020/01/02 v5.9 Page Geometry
 (c:/texlive/2020/texmf-dist/tex/latex/graphics/keyval.sty
Package: keyval 2014/10/28 v1.15 key=value parser (DPC)
\KV@toks@=\toks15
) (c:/texlive/2020/texmf-dist/tex/generic/iftex/ifvtex.sty
Package: ifvtex 2019/10/25 v1.7 ifvtex legacy package. Use iftex instead.
 (c:/texlive/2020/texmf-dist/tex/generic/iftex/iftex.sty
Package: iftex 2020/03/06 v1.0d TeX engine tests
))
\Gm@cnth=\count183
\Gm@cntv=\count184
\c@Gm@tempcnt=\count185
\Gm@bindingoffset=\dimen139
\Gm@wd@mp=\dimen140
\Gm@odd@mp=\dimen141
\Gm@even@mp=\dimen142
\Gm@layoutwidth=\dimen143
\Gm@layoutheight=\dimen144
\Gm@layouthoffset=\dimen145
\Gm@layoutvoffset=\dimen146
\Gm@dimlist=\toks16
) (c:/texlive/2020/texmf-dist/tex/latex/base/inputenc.sty
Package: inputenc 2020/08/01 v1.3d Input encoding file
\inpenc@prehook=\toks17
\inpenc@posthook=\toks18
) (c:/texlive/2020/texmf-dist/tex/generic/babel/babel.sty
Package: babel 2020/10/27 3.51 The Babel package
 (c:/texlive/2020/texmf-dist/tex/generic/babel/babel.def
File: babel.def 2020/10/27 3.51 Babel common definitions
\babel@savecnt=\count186
\U@D=\dimen147
\l@babelnohyphens=\language86
 (c:/texlive/2020/texmf-dist/tex/generic/babel/txtbabel.def)
\bbl@readstream=\read2
)
\bbl@dirlevel=\count187
 (c:/texlive/2020/texmf-dist/tex/generic/babel-spanish/spanish.ldf
Language: spanish.ldf 2016/03/03 v5.0p Spanish support from the babel system
\es@quottoks=\toks19
\es@quotdepth=\count188
Package babel Info: Making " an active character on input line 561.
Package babel Info: Making . an active character on input line 662.
Package babel Info: Making < an active character on input line 707.
Package babel Info: Making > an active character on input line 707.
)) (c:/texlive/2020/texmf-dist/tex/latex/tools/tabularx.sty
Package: tabularx 2020/01/15 v2.11c `tabularx' package (DPC)
 (c:/texlive/2020/texmf-dist/tex/latex/tools/array.sty
Package: array 2020/10/01 v2.5c Tabular extension package (FMi)
\col@sep=\dimen148
\ar@mcellbox=\box47
\extrarowheight=\dimen149
\NC@list=\toks20
\extratabsurround=\skip49
\backup@length=\skip50
\ar@cellbox=\box48
)
\TX@col@width=\dimen150
\TX@old@table=\dimen151
\TX@old@col=\dimen152
\TX@target=\dimen153
\TX@delta=\dimen154
\TX@cols=\count189
\TX@ftn=\toks21
) (c:/texlive/2020/texmf-dist/tex/latex/graphics/graphicx.sty
Package: graphicx 2020/09/09 v1.2b Enhanced LaTeX Graphics (DPC,SPQR)
 (c:/texlive/2020/texmf-dist/tex/latex/graphics/graphics.sty
Package: graphics 2020/08/30 v1.4c Standard LaTeX Graphics (DPC,SPQR)
 (c:/texlive/2020/texmf-dist/tex/latex/graphics/trig.sty
Package: trig 2016/01/03 v1.10 sin cos tan (DPC)
) (c:/texlive/2020/texmf-dist/tex/latex/graphics-cfg/graphics.cfg
File: graphics.cfg 2016/06/04 v1.11 sample graphics configuration
)
Package graphics Info: Driver file: pdftex.def on input line 105.
 (c:/texlive/2020/texmf-dist/tex/latex/graphics-def/pdftex.def
File: pdftex.def 2020/10/05 v1.2a Graphics/color driver for pdftex
))
\Gin@req@height=\dimen155
\Gin@req@width=\dimen156
) (c:/texlive/2020/texmf-dist/tex/latex/float/float.sty
Package: float 2001/11/08 v1.3d Float enhancements (AL)
\c@float@type=\count190
\float@exts=\toks22
\float@box=\box49
\@float@everytoks=\toks23
\@floatcapt=\box50
) (c:/texlive/2020/texmf-dist/tex/latex/glossaries/base/glossaries.sty
Package: glossaries 2020/03/19 v4.46 (NLCT)
 (c:/texlive/2020/texmf-dist/tex/latex/base/ifthen.sty
Package: ifthen 2014/09/29 v1.1c Standard LaTeX ifthen package (DPC)
) (c:/texlive/2020/texmf-dist/tex/latex/xkeyval/xkeyval.sty
Package: xkeyval 2014/12/03 v2.7a package option processing (HA)
 (c:/texlive/2020/texmf-dist/tex/generic/xkeyval/xkeyval.tex (c:/texlive/2020/texmf-dist/tex/generic/xkeyval/xkvutils.tex
\XKV@toks=\toks24
\XKV@tempa@toks=\toks25
)
\XKV@depth=\count191
File: xkeyval.tex 2014/12/03 v2.7a key=value parser (HA)
)) (c:/texlive/2020/texmf-dist/tex/latex/mfirstuc/mfirstuc.sty
Package: mfirstuc 2017/11/14 v2.06 (NLCT)
 (c:/texlive/2020/texmf-dist/tex/latex/etoolbox/etoolbox.sty
Package: etoolbox 2020/10/05 v2.5k e-TeX tools for LaTeX (JAW)
\etb@tempcnta=\count192
)
\@glsmfirst=\toks26
\@glsmrest=\toks27
) (c:/texlive/2020/texmf-dist/tex/latex/textcase/textcase.sty
Package: textcase 2019/09/14 v1.00 Text only upper/lower case changing (DPC)
) (c:/texlive/2020/texmf-dist/tex/latex/xfor/xfor.sty
Package: xfor 2009/02/05 v1.05 (NLCT)
) (c:/texlive/2020/texmf-dist/tex/latex/datatool/datatool-base.sty
Package: datatool-base 2019/09/27 v2.32 (NLCT)
 (c:/texlive/2020/texmf-dist/tex/latex/amsmath/amsmath.sty
Package: amsmath 2020/09/23 v2.17i AMS math features
\@mathmargin=\skip51

For additional information on amsmath, use the `?' option.
(c:/texlive/2020/texmf-dist/tex/latex/amsmath/amstext.sty
Package: amstext 2000/06/29 v2.01 AMS text
 (c:/texlive/2020/texmf-dist/tex/latex/amsmath/amsgen.sty
File: amsgen.sty 1999/11/30 v2.0 generic functions
\@emptytoks=\toks28
\ex@=\dimen157
)) (c:/texlive/2020/texmf-dist/tex/latex/amsmath/amsbsy.sty
Package: amsbsy 1999/11/29 v1.2d Bold Symbols
\pmbraise@=\dimen158
) (c:/texlive/2020/texmf-dist/tex/latex/amsmath/amsopn.sty
Package: amsopn 2016/03/08 v2.02 operator names
)
\inf@bad=\count193
LaTeX Info: Redefining \frac on input line 234.
\uproot@=\count194
\leftroot@=\count195
LaTeX Info: Redefining \overline on input line 399.
\classnum@=\count196
\DOTSCASE@=\count197
LaTeX Info: Redefining \ldots on input line 496.
LaTeX Info: Redefining \dots on input line 499.
LaTeX Info: Redefining \cdots on input line 620.
\Mathstrutbox@=\box51
\strutbox@=\box52
\big@size=\dimen159
LaTeX Font Info:    Redeclaring font encoding OML on input line 743.
LaTeX Font Info:    Redeclaring font encoding OMS on input line 744.
\macc@depth=\count198
\c@MaxMatrixCols=\count199
\dotsspace@=\muskip16
\c@parentequation=\count266
\dspbrk@lvl=\count267
\tag@help=\toks29
\row@=\count268
\column@=\count269
\maxfields@=\count270
\andhelp@=\toks30
\eqnshift@=\dimen160
\alignsep@=\dimen161
\tagshift@=\dimen162
\tagwidth@=\dimen163
\totwidth@=\dimen164
\lineht@=\dimen165
\@envbody=\toks31
\multlinegap=\skip52
\multlinetaggap=\skip53
\mathdisplay@stack=\toks32
LaTeX Info: Redefining \[ on input line 2923.
LaTeX Info: Redefining \] on input line 2924.
) (c:/texlive/2020/texmf-dist/tex/latex/substr/substr.sty
Package: substr 2009/10/20 v1.2 Handle substrings
\c@su@anzahl=\count271
) (c:/texlive/2020/texmf-dist/tex/latex/datatool/datatool-fp.sty
Package: datatool-fp 2019/09/27 v2.32 (NLCT)
 (c:/texlive/2020/texmf-dist/tex/latex/fp/fp.sty
Package: fp 1995/04/02
 `Fixed Point Package', Version 0.8, April 2, 1995 (C) Michael Mehlich (c:/texlive/2020/texmf-dist/tex/latex/fp/defpattern.sty
Package: defpattern 1994/10/12
\actioncount=\count272
) (c:/texlive/2020/texmf-dist/tex/latex/fp/fp-basic.sty
Package: fp-basic 1996/05/13
\FP@xs=\count273
\FP@xia=\count274
\FP@xib=\count275
\FP@xfa=\count276
\FP@xfb=\count277
\FP@rega=\count278
\FP@regb=\count279
\FP@regs=\count280
\FP@times=\count281
) (c:/texlive/2020/texmf-dist/tex/latex/fp/fp-addons.sty
Package: fp-addons 1995/03/15
) (c:/texlive/2020/texmf-dist/tex/latex/fp/fp-snap.sty
Package: fp-snap 1995/04/05
) (c:/texlive/2020/texmf-dist/tex/latex/fp/fp-exp.sty
Package: fp-exp 1995/04/03
) (c:/texlive/2020/texmf-dist/tex/latex/fp/fp-trigo.sty
Package: fp-trigo 1995/04/14
) (c:/texlive/2020/texmf-dist/tex/latex/fp/fp-pas.sty
Package: fp-pas 1994/08/29
) (c:/texlive/2020/texmf-dist/tex/latex/fp/fp-random.sty
Package: fp-random 1995/02/23
\FPseed=\count282
) (c:/texlive/2020/texmf-dist/tex/latex/fp/fp-eqn.sty
Package: fp-eqn 1995/04/03
) (c:/texlive/2020/texmf-dist/tex/latex/fp/fp-upn.sty
Package: fp-upn 1996/10/21
) (c:/texlive/2020/texmf-dist/tex/latex/fp/fp-eval.sty
Package: fp-eval 1995/04/03
)))
\@dtl@toks=\toks33
\@dtl@tmpcount=\count283
\dtl@tmplength=\skip54
\dtl@sortresult=\count284
\@dtl@numgrpsepcount=\count285
\@dtl@datatype=\count286
\dtl@codeA=\count287
\dtl@codeB=\count288
\@dtl@foreach@level=\count289
) (c:/texlive/2020/texmf-dist/tex/latex/glossaries/base/glossaries-compatible-307.sty
Package: glossaries-compatible-307 2020/03/19 v4.46 (NLCT)
) (c:/texlive/2020/texmf-dist/tex/latex/tracklang/tracklang.sty
Package: tracklang 2020/06/30 v1.5 (NLCT) Track Languages
 (c:/texlive/2020/texmf-dist/tex/generic/tracklang/tracklang.tex)) (c:/texlive/2020/texmf-dist/tex/latex/translator/translator.sty
Package: translator 2020-08-03 v1.12c Easy translation of strings in LaTeX
) (c:/texlive/2020/texmf-dist/tex/latex/glossaries-spanish/glossaries-spanish.ldf
File: glossaries-spanish.ldf 2014/11/23 v1.0
 (c:/texlive/2020/texmf-dist/tex/latex/glossaries-spanish/glossaries-spanish-utf8.ldf))
\gls@level=\count290
\@gls@tmpb=\toks34
\gls@tmplen=\skip55
\glskeylisttok=\toks35
\glslabeltok=\toks36
\glsshorttok=\toks37
\glslongtok=\toks38
 (c:/texlive/2020/texmf-dist/tex/latex/glossaries/styles/glossary-hypernav.sty
Package: glossary-hypernav 2020/03/19 v4.46 (NLCT)
) (c:/texlive/2020/texmf-dist/tex/latex/glossaries/styles/glossary-list.sty
Package: glossary-list 2020/03/19 v4.46 (NLCT)
\glslistdottedwidth=\skip56
) (c:/texlive/2020/texmf-dist/tex/latex/glossaries/styles/glossary-long.sty
Package: glossary-long 2020/03/19 v4.46 (NLCT)
 (c:/texlive/2020/texmf-dist/tex/latex/tools/longtable.sty
Package: longtable 2020/01/07 v4.13 Multi-page Table package (DPC)
\LTleft=\skip57
\LTright=\skip58
\LTpre=\skip59
\LTpost=\skip60
\LTchunksize=\count291
\LTcapwidth=\dimen166
\LT@head=\box53
\LT@firsthead=\box54
\LT@foot=\box55
\LT@lastfoot=\box56
\LT@cols=\count292
\LT@rows=\count293
\c@LT@tables=\count294
\c@LT@chunks=\count295
\LT@p@ftn=\toks39
)
\glsdescwidth=\skip61
\glspagelistwidth=\skip62
) (c:/texlive/2020/texmf-dist/tex/latex/glossaries/styles/glossary-super.sty
Package: glossary-super 2020/03/19 v4.46 (NLCT)
 (c:/texlive/2020/texmf-dist/tex/latex/supertabular/supertabular.sty
Package: supertabular 2020/02/02 v4.1g the supertabular environment
\c@tracingst=\count296
\ST@wd=\dimen167
\ST@rightskip=\skip63
\ST@leftskip=\skip64
\ST@parfillskip=\skip65
\ST@pageleft=\dimen168
\ST@headht=\dimen169
\ST@tailht=\dimen170
\ST@pagesofar=\dimen171
\ST@pboxht=\dimen172
\ST@lineht=\dimen173
\ST@prevht=\dimen174
\ST@toadd=\dimen175
\ST@dimen=\dimen176
\ST@pbox=\box57
)) (c:/texlive/2020/texmf-dist/tex/latex/glossaries/styles/glossary-tree.sty
Package: glossary-tree 2020/03/19 v4.46 (NLCT)
\glstreeindent=\skip66
)) (c:/texlive/2020/texmf-dist/tex/latex/glossaries-extra/glossaries-extra.sty
Package: glossaries-extra 2020/04/01 v1.45 (NLCT)
\@glsxtr@leveloffset=\count297
\glsxtrresourcecount=\count298
\@glsxtrnewgls@inner=\count299
\glsshortpltok=\toks40
\glslongpltok=\toks41
) (c:/texlive/2020/texmf-dist/tex/latex/setspace/setspace.sty
Package: setspace 2011/12/19 v6.7a set line spacing
) (c:/texlive/2020/texmf-dist/tex/latex/anyfontsize/anyfontsize.sty
Package: anyfontsize 2007/11/22 anyfontsize.sty by pts
) (c:/texlive/2020/texmf-dist/tex/latex/appendix/appendix.sty
Package: appendix 2020/02/08 v1.2c extra appendix facilities
\c@@pps=\count300
\c@@ppsavesec=\count301
\c@@ppsaveapp=\count302
) (c:/texlive/2020/texmf-dist/tex/latex/hyperref/hyperref.sty
Package: hyperref 2020-05-15 v7.00e Hypertext links for LaTeX
 (c:/texlive/2020/texmf-dist/tex/generic/ltxcmds/ltxcmds.sty
Package: ltxcmds 2020-05-10 v1.25 LaTeX kernel commands for general use (HO)
) (c:/texlive/2020/texmf-dist/tex/generic/pdftexcmds/pdftexcmds.sty
Package: pdftexcmds 2020-06-27 v0.33 Utility functions of pdfTeX for LuaTeX (HO)
 (c:/texlive/2020/texmf-dist/tex/generic/infwarerr/infwarerr.sty
Package: infwarerr 2019/12/03 v1.5 Providing info/warning/error messages (HO)
)
Package pdftexcmds Info: \pdf@primitive is available.
Package pdftexcmds Info: \pdf@ifprimitive is available.
Package pdftexcmds Info: \pdfdraftmode found.
) (c:/texlive/2020/texmf-dist/tex/generic/kvsetkeys/kvsetkeys.sty
Package: kvsetkeys 2019/12/15 v1.18 Key value parser (HO)
) (c:/texlive/2020/texmf-dist/tex/generic/kvdefinekeys/kvdefinekeys.sty
Package: kvdefinekeys 2019-12-19 v1.6 Define keys (HO)
) (c:/texlive/2020/texmf-dist/tex/generic/pdfescape/pdfescape.sty
Package: pdfescape 2019/12/09 v1.15 Implements pdfTeX's escape features (HO)
) (c:/texlive/2020/texmf-dist/tex/latex/hycolor/hycolor.sty
Package: hycolor 2020-01-27 v1.10 Color options for hyperref/bookmark (HO)
) (c:/texlive/2020/texmf-dist/tex/latex/letltxmacro/letltxmacro.sty
Package: letltxmacro 2019/12/03 v1.6 Let assignment for LaTeX macros (HO)
) (c:/texlive/2020/texmf-dist/tex/latex/auxhook/auxhook.sty
Package: auxhook 2019-12-17 v1.6 Hooks for auxiliary files (HO)
) (c:/texlive/2020/texmf-dist/tex/latex/kvoptions/kvoptions.sty
Package: kvoptions 2020-10-07 v3.14 Key value format for package options (HO)
)
\@linkdim=\dimen177
\Hy@linkcounter=\count303
\Hy@pagecounter=\count304
 (c:/texlive/2020/texmf-dist/tex/latex/hyperref/pd1enc.def
File: pd1enc.def 2020-05-15 v7.00e Hyperref: PDFDocEncoding definition (HO)
Now handling font encoding PD1 ...
... no UTF-8 mapping file for font encoding PD1
) (c:/texlive/2020/texmf-dist/tex/generic/intcalc/intcalc.sty
Package: intcalc 2019/12/15 v1.3 Expandable calculations with integers (HO)
) (c:/texlive/2020/texmf-dist/tex/generic/etexcmds/etexcmds.sty
Package: etexcmds 2019/12/15 v1.7 Avoid name clashes with e-TeX commands (HO)
)
\Hy@SavedSpaceFactor=\count305
Package hyperref Info: Hyper figures OFF on input line 4464.
Package hyperref Info: Link nesting OFF on input line 4469.
Package hyperref Info: Hyper index ON on input line 4472.
Package hyperref Info: Plain pages OFF on input line 4479.
Package hyperref Info: Backreferencing OFF on input line 4484.
Package hyperref Info: Implicit mode ON; LaTeX internals redefined.
Package hyperref Info: Bookmarks ON on input line 4717.
\c@Hy@tempcnt=\count306
 (c:/texlive/2020/texmf-dist/tex/latex/url/url.sty
\Urlmuskip=\muskip17
Package: url 2013/09/16  ver 3.4  Verb mode for urls, etc.
)
LaTeX Info: Redefining \url on input line 5076.
\XeTeXLinkMargin=\dimen178
 (c:/texlive/2020/texmf-dist/tex/generic/bitset/bitset.sty
Package: bitset 2019/12/09 v1.3 Handle bit-vector datatype (HO)
 (c:/texlive/2020/texmf-dist/tex/generic/bigintcalc/bigintcalc.sty
Package: bigintcalc 2019/12/15 v1.5 Expandable calculations on big integers (HO)
))
\Fld@menulength=\count307
\Field@Width=\dimen179
\Fld@charsize=\dimen180
Package hyperref Info: Hyper figures OFF on input line 6347.
Package hyperref Info: Link nesting OFF on input line 6352.
Package hyperref Info: Hyper index ON on input line 6355.
Package hyperref Info: backreferencing OFF on input line 6362.
Package hyperref Info: Link coloring OFF on input line 6367.
Package hyperref Info: Link coloring with OCG OFF on input line 6372.
Package hyperref Info: PDF/A mode OFF on input line 6377.
LaTeX Info: Redefining \ref on input line 6417.
LaTeX Info: Redefining \pageref on input line 6421.
 (c:/texlive/2020/texmf-dist/tex/latex/base/atbegshi-ltx.sty
Package: atbegshi-ltx 2020/08/17 v1.0a Emulation of the original atbegshi package
with kernel methods
)
\Hy@abspage=\count308
\c@Item=\count309
\c@Hfootnote=\count310
)
Package hyperref Info: Driver (autodetected): hpdftex.
 (c:/texlive/2020/texmf-dist/tex/latex/hyperref/hpdftex.def
File: hpdftex.def 2020-05-15 v7.00e Hyperref driver for pdfTeX
 (c:/texlive/2020/texmf-dist/tex/latex/base/atveryend-ltx.sty
Package: atveryend-ltx 2020/08/19 v1.0a Emulation of the original atvery package
with kernel methods
)
\Fld@listcount=\count311
\c@bookmark@seq@number=\count312
 (c:/texlive/2020/texmf-dist/tex/latex/rerunfilecheck/rerunfilecheck.sty
Package: rerunfilecheck 2019/12/05 v1.9 Rerun checks for auxiliary files (HO)
 (c:/texlive/2020/texmf-dist/tex/generic/uniquecounter/uniquecounter.sty
Package: uniquecounter 2019/12/15 v1.4 Provide unlimited unique counter (HO)
)
Package uniquecounter Info: New unique counter `rerunfilecheck' on input line 286.
)
\Hy@SectionHShift=\skip67
) (c:/texlive/2020/texmf-dist/tex/latex/hyperref/nameref.sty
Package: nameref 2019/09/16 v2.46 Cross-referencing by name of section
 (c:/texlive/2020/texmf-dist/tex/latex/refcount/refcount.sty
Package: refcount 2019/12/15 v3.6 Data extraction from label references (HO)
) (c:/texlive/2020/texmf-dist/tex/generic/gettitlestring/gettitlestring.sty
Package: gettitlestring 2019/12/15 v1.6 Cleanup title references (HO)
)
\c@section@level=\count313
) (c:/texlive/2020/texmf-dist/tex/latex/datetime/datetime.sty
Package: datetime 2015/03/20 v2.60 Date Time Package
 (c:/texlive/2020/texmf-dist/tex/latex/fmtcount/fmtcount.sty
Package: fmtcount 2020/01/30 v3.07
 (c:/texlive/2020/texmf-dist/tex/latex/fmtcount/fcprefix.sty
Package: fcprefix 2012/09/28
 (c:/texlive/2020/texmf-dist/tex/latex/fmtcount/fcnumparser.sty
Package: fcnumparser 2017/06/15
\fc@digit@counter=\count314
))
\c@padzeroesN=\count315
\fc@tmpcatcode=\count316
\@DT@modctr=\count317
\@ordinalctr=\count318
\@orgargctr=\count319
\@strctr=\count320
\@tmpstrctr=\count321
\@DT@loopN=\count322
\@DT@X=\count323
) (c:/texlive/2020/texmf-dist/tex/latex/datetime/datetime-defaults.sty
Package: datetime-defaults 2013/09/10
)
\@day=\count324
\@month=\count325
\@year=\count326
\c@HOUR=\count327
\c@HOURXII=\count328
\c@MINUTE=\count329
\c@TOHOUR=\count330
\c@TOMINUTE=\count331
\c@SECOND=\count332
\currenthour=\count333
\currentminute=\count334
\currentsecond=\count335
Package datetime Info: No datetime.cfg file found, using default settings on input line 308.
\@dtctr=\count336
\dayofyear=\count337
\dayofweek=\count338
LaTeX Info: Redefining \today on input line 736.
 (c:/texlive/2020/texmf-dist/tex/latex/datetime/dt-spanish.def
File: dt-spanish.def 2013/09/10
LaTeX Info: Redefining \datespanish on input line 85.
)
\dt@a=\toks42
\dt@b=\toks43
)
\glswrite=\write3
\glo@acronym@file=\write4
\openout4 = `main.acn'.

Package glossaries Info: Writing glossary file main.acn on input line 42.

\@input{glossary.aux}
\openout2 = `glossary.aux'.

(c:/Users/rodri/Documents/Universidad/Ingenieria de Computadores/20-21/2ºD - Ingenieria del Software I/Practica/IS1/glossary.tex) (c:/texlive/2020/texmf-dist/tex/latex/l3backend/l3backend-pdftex.def
File: l3backend-pdftex.def 2020-09-24 L3 backend support: PDF output (pdfTeX)
\l__kernel_color_stack_int=\count339
\l__pdf_internal_box=\box58
) (c:/Users/rodri/Documents/Universidad/Ingenieria de Computadores/20-21/2ºD - Ingenieria del Software I/Practica/IS1/main.aux
LaTeX Info: Redefining \. on input line 32.
LaTeX Info: Redefining \% on input line 32.
)
\openout1 = `main.aux'.

LaTeX Font Info:    Checking defaults for OML/cmm/m/it on input line 46.
LaTeX Font Info:    ... okay on input line 46.
LaTeX Font Info:    Checking defaults for OMS/cmsy/m/n on input line 46.
LaTeX Font Info:    ... okay on input line 46.
LaTeX Font Info:    Checking defaults for OT1/cmr/m/n on input line 46.
LaTeX Font Info:    ... okay on input line 46.
LaTeX Font Info:    Checking defaults for T1/cmr/m/n on input line 46.
LaTeX Font Info:    ... okay on input line 46.
LaTeX Font Info:    Checking defaults for TS1/cmr/m/n on input line 46.
LaTeX Font Info:    ... okay on input line 46.
LaTeX Font Info:    Checking defaults for OMX/cmex/m/n on input line 46.
LaTeX Font Info:    ... okay on input line 46.
LaTeX Font Info:    Checking defaults for U/cmr/m/n on input line 46.
LaTeX Font Info:    ... okay on input line 46.
LaTeX Font Info:    Checking defaults for PD1/pdf/m/n on input line 46.
LaTeX Font Info:    ... okay on input line 46.

*geometry* driver: auto-detecting
*geometry* detected driver: pdftex
*geometry* verbose mode - [ preamble ] result:
* driver: pdftex
* paper: a4paper
* layout: <same size as paper>
* layoutoffset:(h,v)=(0.0pt,0.0pt)
* modes: 
* h-part:(L,W,R)=(72.26999pt, 452.9679pt, 72.26999pt)
* v-part:(T,H,B)=(72.26999pt, 700.50687pt, 72.26999pt)
* \paperwidth=597.50787pt
* \paperheight=845.04684pt
* \textwidth=452.9679pt
* \textheight=700.50687pt
* \oddsidemargin=0.0pt
* \evensidemargin=0.0pt
* \topmargin=-39.0pt
* \headheight=14.0pt
* \headsep=25.0pt
* \topskip=12.0pt
* \footskip=30.0pt
* \marginparwidth=44.0pt
* \marginparsep=10.0pt
* \columnsep=10.0pt
* \skip\footins=10.8pt plus 4.0pt minus 2.0pt
* \hoffset=0.0pt
* \voffset=0.0pt
* \mag=1000
* \@twocolumnfalse
* \@twosidefalse
* \@mparswitchfalse
* \@reversemarginfalse
* (1in=72.27pt=25.4mm, 1cm=28.453pt)

LaTeX Info: Redefining \. on input line 46.
LaTeX Info: Redefining \% on input line 46.
(c:/texlive/2020/texmf-dist/tex/context/base/mkii/supp-pdf.mkii
[Loading MPS to PDF converter (version 2006.09.02).]
\scratchcounter=\count340
\scratchdimen=\dimen181
\scratchbox=\box59
\nofMPsegments=\count341
\nofMParguments=\count342
\everyMPshowfont=\toks44
\MPscratchCnt=\count343
\MPscratchDim=\dimen182
\MPnumerator=\count344
\makeMPintoPDFobject=\count345
\everyMPtoPDFconversion=\toks45
) (c:/texlive/2020/texmf-dist/tex/latex/epstopdf-pkg/epstopdf-base.sty
Package: epstopdf-base 2020-01-24 v2.11 Base part for package epstopdf
Package epstopdf-base Info: Redefining graphics rule for `.eps' on input line 485.
 (c:/texlive/2020/texmf-dist/tex/latex/latexconfig/epstopdf-sys.cfg
File: epstopdf-sys.cfg 2010/07/13 v1.3 Configuration of (r)epstopdf for TeX Live
))
Package hyperref Info: Link coloring OFF on input line 46.
LaTeX Info: Redefining \ref on input line 46.
LaTeX Info: Redefining \pageref on input line 46.
LaTeX Info: Redefining \nameref on input line 46.
 (c:/Users/rodri/Documents/Universidad/Ingenieria de Computadores/20-21/2ºD - Ingenieria del Software I/Practica/IS1/main.out) (c:/Users/rodri/Documents/Universidad/Ingenieria de Computadores/20-21/2ºD - Ingenieria del Software I/Practica/IS1/main.out)
\@outlinefile=\write5
\openout5 = `main.out'.



LaTeX Font Warning: Font shape `OT1/cmr/bx/sc' undefined
(Font)              using `OT1/cmr/bx/n' instead on input line 52.

[1

\openout3 = `main.xdy'.




{c:/texlive/2020/texmf-var/fonts/map/pdftex/updmap/pdftex.map}]pdfTeX warning (ext4): destination with the same identifier (name{page.1}) has been already used, duplicate ignored
<to be read again> 
                   \relax 
l.94 \newpage
              [1] (c:/Users/rodri/Documents/Universidad/Ingenieria de Computadores/20-21/2ºD - Ingenieria del Software I/Practica/IS1/main.toc
LaTeX Info: Redefining \. on input line 1.
LaTeX Info: Redefining \% on input line 1.
)
\tf@toc=\write6
\openout6 = `main.toc'.

 [2] (c:/Users/rodri/Documents/Universidad/Ingenieria de Computadores/20-21/2ºD - Ingenieria del Software I/Practica/IS1/tex_files/introduccion.tex
No file main.acr.

Package glossaries-extra Warning: Glossary `acronym' is missing on input line 9.


Package hyperref Warning: Token not allowed in a PDF string (PDFDocEncoding):
(hyperref)                removing `\leavevmode@ifvmode' on input line 9.


Package hyperref Warning: Token not allowed in a PDF string (PDFDocEncoding):
(hyperref)                \kern 1.95872pt
(hyperref)                removed on input line 9.


Package glossaries-extra Warning: Rerun required to build the glossary `acronym' or check TeX's shell escape allows you to run xindy on input line 9.

) [3] (c:/Users/rodri/Documents/Universidad/Ingenieria de Computadores/20-21/2ºD - Ingenieria del Software I/Practica/IS1/tex_files/general.tex) [4] (c:/Users/rodri/Documents/Universidad/Ingenieria de Computadores/20-21/2ºD - Ingenieria del Software I/Practica/IS1/tex_files/especifico.tex
<Use_Cases/alta_cliente.png, id=149, 539.01375pt x 590.205pt>
File: Use_Cases/alta_cliente.png Graphic file (type png)
<use Use_Cases/alta_cliente.png>
Package pdftex.def Info: Use_Cases/alta_cliente.png  used on input line 9.
(pdftex.def)             Requested size: 362.37569pt x 396.79517pt.
<Use_Cases/baja_cliente.png, id=150, 539.01375pt x 590.205pt>
File: Use_Cases/baja_cliente.png Graphic file (type png)
<use Use_Cases/baja_cliente.png>
Package pdftex.def Info: Use_Cases/baja_cliente.png  used on input line 15.
(pdftex.def)             Requested size: 362.37569pt x 396.79517pt.
 [5 <c:/Users/rodri/Documents/Universidad/Ingenieria de Computadores/20-21/2ºD - Ingenieria del Software I/Practica/IS1/Use_Cases/alta_cliente.png (PNG copy)>]
<Use_Cases/alta_admin.png, id=157, 699.61375pt x 871.255pt>
File: Use_Cases/alta_admin.png Graphic file (type png)
<use Use_Cases/alta_admin.png>
Package pdftex.def Info: Use_Cases/alta_admin.png  used on input line 21.
(pdftex.def)             Requested size: 362.37569pt x 451.28708pt.
 [6 <c:/Users/rodri/Documents/Universidad/Ingenieria de Computadores/20-21/2ºD - Ingenieria del Software I/Practica/IS1/Use_Cases/baja_cliente.png (PNG copy)>]
<Use_Cases/baja_admin.png, id=164, 539.01375pt x 650.43pt>
File: Use_Cases/baja_admin.png Graphic file (type png)
<use Use_Cases/baja_admin.png>
Package pdftex.def Info: Use_Cases/baja_admin.png  used on input line 27.
(pdftex.def)             Requested size: 362.37569pt x 437.28447pt.
 [7 <c:/Users/rodri/Documents/Universidad/Ingenieria de Computadores/20-21/2ºD - Ingenieria del Software I/Practica/IS1/Use_Cases/alta_admin.png (PNG copy)>]
<Use_Cases/cambiar_contrasena.png, id=170, 884.30376pt x 690.58pt>
File: Use_Cases/cambiar_contrasena.png Graphic file (type png)
<use Use_Cases/cambiar_contrasena.png>
Package pdftex.def Info: Use_Cases/cambiar_contrasena.png  used on input line 36.
(pdftex.def)             Requested size: 362.37569pt x 282.99211pt.
<Use_Cases/login.png, id=171, 703.62875pt x 469.755pt>
File: Use_Cases/login.png Graphic file (type png)
<use Use_Cases/login.png>
Package pdftex.def Info: Use_Cases/login.png  used on input line 42.
(pdftex.def)             Requested size: 362.37569pt x 241.92294pt.
 [8 <c:/Users/rodri/Documents/Universidad/Ingenieria de Computadores/20-21/2ºD - Ingenieria del Software I/Practica/IS1/Use_Cases/baja_admin.png (PNG copy)>]) [9 <c:/Users/rodri/Documents/Universidad/Ingenieria de Computadores/20-21/2ºD - Ingenieria del Software I/Practica/IS1/Use_Cases/cambiar_contrasena.png (PNG copy)> <c:/Users/rodri/Documents/Universidad/Ingenieria de Computadores/20-21/2ºD - Ingenieria del Software I/Practica/IS1/Use_Cases/login.png (PNG copy)>] [10
runsystem(xindy -I xindy -L spanish -M main -C utf8 -t main.alg -o main.acr main.acn)...disabled (restricted).

] (c:/Users/rodri/Documents/Universidad/Ingenieria de Computadores/20-21/2ºD - Ingenieria del Software I/Practica/IS1/main.aux
LaTeX Info: Redefining \. on input line 32.
LaTeX Info: Redefining \% on input line 32.
)
Package rerunfilecheck Info: File `main.out' has not changed.
(rerunfilecheck)             Checksum: AAE63DB172477F541A53C7C011D8F932;1610.


LaTeX Font Warning: Some font shapes were not available, defaults substituted.

 ) 
Here is how much of TeX's memory you used:
 16140 strings out of 479485
 280196 string characters out of 5875916
 738483 words of memory out of 5000000
 32777 multiletter control sequences out of 15000+600000
 541439 words of font info for 51 fonts, out of 8000000 for 9000
 1141 hyphenation exceptions out of 8191
 94i,10n,98p,1141b,516s stack positions out of 5000i,500n,10000p,200000b,80000s
<c:/texlive/2020/texmf-dist/fonts/type1/public/amsfonts/cm/cmbx12.pfb><c:/texlive/2020/texmf-dist/fonts/type1/public/amsfonts/cm/cmr12.pfb><c:/texlive/2020/texmf-dist/fonts/type1/public/amsfonts/cm/cmr17.pfb><c:/texlive/2020/texmf-dist/fonts/type1/public/amsfonts/cm/cmr8.pfb><c:/texlive/2020/texmf-dist/fonts/type1/public/amsfonts/cm/cmti12.pfb><c:/texlive/2020/texmf-dist/fonts/type1/public/amsfonts/cm/cmtt12.pfb>
Output written on "c:/Users/rodri/Documents/Universidad/Ingenieria de Computadores/20-21/2ºD - Ingenieria del Software I/Practica/IS1/main.pdf" (11 pages, 207419 bytes).
PDF statistics:
 239 PDF objects out of 1000 (max. 8388607)
 211 compressed objects within 3 object streams
 59 named destinations out of 1000 (max. 500000)
 215 words of extra memory for PDF output out of 10000 (max. 10000000)

